<?xml version="1.0" encoding="utf-8"?>
<TestRun id="687cfd8a-f088-4959-b64e-3449b40d11e9" name="@Jeffs-MacBook-M4Max 2025-09-07 21:20:51" xmlns="http://microsoft.com/schemas/VisualStudio/TeamTest/2010">
  <Times creation="2025-09-07T21:20:51.0896700-07:00" queuing="2025-09-07T21:20:51.0896700-07:00" start="2025-09-07T21:20:47.7237660-07:00" finish="2025-09-07T21:20:59.4239550-07:00" />
  <TestSettings name="default" id="4420613c-d81a-44bf-90cd-1504712918e2">
    <Deployment runDeploymentRoot="_Jeffs-MacBook-M4Max_2025-09-07_21_20_51" />
  </TestSettings>
  <Results>
    <UnitTestResult executionId="d41b69d4-9516-4cae-8f86-f6d992240349" testId="9c71ca87-c93e-473d-6ec9-2340f8d330fd" testName="Farm.Web.Api.Tests.SlicerServices.SlicerServicesIntegrationTests.FileStorageIntegration_CompleteWorkflow_ShouldHandleAllFileOperations" computerName="Jeffs-MacBook-M4Max" duration="00:00:00.0557700" startTime="2025-09-07T21:20:56.3362320-07:00" endTime="2025-09-07T21:20:56.3362320-07:00" testType="13cdc9d9-ddb5-4fa4-a97d-d965ccfc6d4b" outcome="Passed" testListId="8c84fa94-04c1-424b-9868-57a2d4851a1d" relativeResultsDirectory="d41b69d4-9516-4cae-8f86-f6d992240349" />
    <UnitTestResult executionId="6483ebe1-ee02-4535-9acf-66dac26c5469" testId="9327b0ad-6975-c450-706a-ca26f357f88e" testName="Farm.Web.Api.Tests.SlicerServices.SlicerServicesIntegrationTests.HealthMonitoring_SystemHealth_ShouldReportCorrectly" computerName="Jeffs-MacBook-M4Max" duration="00:00:00.0876281" startTime="2025-09-07T21:20:59.3908880-07:00" endTime="2025-09-07T21:20:59.3908880-07:00" testType="13cdc9d9-ddb5-4fa4-a97d-d965ccfc6d4b" outcome="Passed" testListId="8c84fa94-04c1-424b-9868-57a2d4851a1d" relativeResultsDirectory="6483ebe1-ee02-4535-9acf-66dac26c5469" />
    <UnitTestResult executionId="28e1b838-7f9a-4b99-b174-6f69cb3cc56d" testId="4e4b8624-ab00-e884-e517-43e10b9520b2" testName="Farm.Web.Api.Tests.SlicerServices.SlicerServicesIntegrationTests.MaterialSpecificSlicing_ShouldGenerateCorrectSettings(material: &quot;ABS&quot;, nozzleTemp: 240, bedTemp: 100)" computerName="Jeffs-MacBook-M4Max" duration="00:00:02.6896508" startTime="2025-09-07T21:20:56.2789640-07:00" endTime="2025-09-07T21:20:56.2789640-07:00" testType="13cdc9d9-ddb5-4fa4-a97d-d965ccfc6d4b" outcome="Passed" testListId="8c84fa94-04c1-424b-9868-57a2d4851a1d" relativeResultsDirectory="28e1b838-7f9a-4b99-b174-6f69cb3cc56d" />
    <UnitTestResult executionId="c2bcb74b-3005-4a9f-936b-7e3cd741c3e3" testId="5461d49b-d281-e471-e8c9-86c769725405" testName="Farm.Web.Api.Tests.SlicerServices.SlicerServicesIntegrationTests.SlicerEngineValidation_ModelValidation_ShouldWorkCorrectly" computerName="Jeffs-MacBook-M4Max" duration="00:00:00.1572926" startTime="2025-09-07T21:20:56.5779820-07:00" endTime="2025-09-07T21:20:56.5779820-07:00" testType="13cdc9d9-ddb5-4fa4-a97d-d965ccfc6d4b" outcome="Passed" testListId="8c84fa94-04c1-424b-9868-57a2d4851a1d" relativeResultsDirectory="c2bcb74b-3005-4a9f-936b-7e3cd741c3e3" />
    <UnitTestResult executionId="c7d03390-a2e5-431b-b48c-0adc9dae66f1" testId="1aef2fa2-e92a-fa28-c24b-b494b9f94452" testName="Farm.Web.Api.Tests.SlicerServices.SlicerServicesIntegrationTests.SlicerEngineProcessing_WithProgressReporting_ShouldReportProgress" computerName="Jeffs-MacBook-M4Max" duration="00:00:02.7246845" startTime="2025-09-07T21:20:59.3029620-07:00" endTime="2025-09-07T21:20:59.3029620-07:00" testType="13cdc9d9-ddb5-4fa4-a97d-d965ccfc6d4b" outcome="Passed" testListId="8c84fa94-04c1-424b-9868-57a2d4851a1d" relativeResultsDirectory="c7d03390-a2e5-431b-b48c-0adc9dae66f1" />
    <UnitTestResult executionId="698bcc91-2856-4bc7-8f21-75aeee5975b4" testId="5b216a93-1c39-f63d-fc1c-5e95ff2c4fb2" testName="Farm.Web.Api.Tests.SlicerServices.SlicerServicesIntegrationTests.MaterialSpecificSlicing_ShouldGenerateCorrectSettings(material: &quot;PETG&quot;, nozzleTemp: 230, bedTemp: 80)" computerName="Jeffs-MacBook-M4Max" duration="00:00:02.7515516" startTime="2025-09-07T21:20:50.8921560-07:00" endTime="2025-09-07T21:20:50.8921830-07:00" testType="13cdc9d9-ddb5-4fa4-a97d-d965ccfc6d4b" outcome="Passed" testListId="8c84fa94-04c1-424b-9868-57a2d4851a1d" relativeResultsDirectory="698bcc91-2856-4bc7-8f21-75aeee5975b4" />
    <UnitTestResult executionId="0ba5b6f1-9021-42fc-ba15-1048790a6051" testId="bf726642-08e1-8fc3-314d-63db5689f76d" testName="Farm.Web.Api.Tests.SlicerServices.SlicerServicesIntegrationTests.EndToEndSlicingWorkflow_ValidRequest_ShouldCompleteSuccessfully" computerName="Jeffs-MacBook-M4Max" duration="00:00:00.0630807" startTime="2025-09-07T21:20:56.3995520-07:00" endTime="2025-09-07T21:20:56.3995520-07:00" testType="13cdc9d9-ddb5-4fa4-a97d-d965ccfc6d4b" outcome="Passed" testListId="8c84fa94-04c1-424b-9868-57a2d4851a1d" relativeResultsDirectory="0ba5b6f1-9021-42fc-ba15-1048790a6051" />
    <UnitTestResult executionId="7b817d36-bd45-4678-a257-3fbaef107b3a" testId="26eb9f67-a30c-8f7c-0b30-27608be0e2c5" testName="Farm.Web.Api.Tests.SlicerServices.SlicerServicesIntegrationTests.MaterialSpecificSlicing_ShouldGenerateCorrectSettings(material: &quot;PLA&quot;, nozzleTemp: 210, bedTemp: 60)" computerName="Jeffs-MacBook-M4Max" duration="00:00:02.6964462" startTime="2025-09-07T21:20:53.5889370-07:00" endTime="2025-09-07T21:20:53.5889370-07:00" testType="13cdc9d9-ddb5-4fa4-a97d-d965ccfc6d4b" outcome="Passed" testListId="8c84fa94-04c1-424b-9868-57a2d4851a1d" relativeResultsDirectory="7b817d36-bd45-4678-a257-3fbaef107b3a" />
    <UnitTestResult executionId="23031b2b-1128-45b4-8e61-f0d640fd5f2a" testId="346fed74-a50b-96ef-8100-876648946971" testName="Farm.Web.Api.Tests.SlicerServices.SlicerServicesIntegrationTests.ProcessingTimeEstimation_DifferentComplexities_ShouldVaryAppropriately" computerName="Jeffs-MacBook-M4Max" duration="00:00:00.0126258" startTime="2025-09-07T21:20:56.4123560-07:00" endTime="2025-09-07T21:20:56.4123560-07:00" testType="13cdc9d9-ddb5-4fa4-a97d-d965ccfc6d4b" outcome="Passed" testListId="8c84fa94-04c1-424b-9868-57a2d4851a1d" relativeResultsDirectory="23031b2b-1128-45b4-8e61-f0d640fd5f2a" />
    <UnitTestResult executionId="1256a235-d959-402c-9f9a-5ea30cf997df" testId="53d4672f-9c56-080c-b911-4c3255c697c0" testName="Farm.Web.Api.Tests.SlicerServices.SlicerServicesIntegrationTests.OrchestratorValidation_InvalidRequests_ShouldRejectAppropriately" computerName="Jeffs-MacBook-M4Max" duration="00:00:00.0079433" startTime="2025-09-07T21:20:56.4204880-07:00" endTime="2025-09-07T21:20:56.4204880-07:00" testType="13cdc9d9-ddb5-4fa4-a97d-d965ccfc6d4b" outcome="Passed" testListId="8c84fa94-04c1-424b-9868-57a2d4851a1d" relativeResultsDirectory="1256a235-d959-402c-9f9a-5ea30cf997df" />
  </Results>
  <TestDefinitions>
    <UnitTest name="Farm.Web.Api.Tests.SlicerServices.SlicerServicesIntegrationTests.MaterialSpecificSlicing_ShouldGenerateCorrectSettings(material: &quot;ABS&quot;, nozzleTemp: 240, bedTemp: 100)" storage="/users/jpapiez/s/printfarmer/src/tests/farm.web.api.tests/bin/debug/net9.0/farm.web.api.tests.dll" id="4e4b8624-ab00-e884-e517-43e10b9520b2">
      <Execution id="28e1b838-7f9a-4b99-b174-6f69cb3cc56d" />
      <TestMethod codeBase="/Users/jpapiez/s/PrintFarmer/src/tests/Farm.Web.Api.Tests/bin/Debug/net9.0/Farm.Web.Api.Tests.dll" adapterTypeName="executor://xunit/VsTestRunner2/netcoreapp" className="Farm.Web.Api.Tests.SlicerServices.SlicerServicesIntegrationTests" name="MaterialSpecificSlicing_ShouldGenerateCorrectSettings" />
    </UnitTest>
    <UnitTest name="Farm.Web.Api.Tests.SlicerServices.SlicerServicesIntegrationTests.MaterialSpecificSlicing_ShouldGenerateCorrectSettings(material: &quot;PETG&quot;, nozzleTemp: 230, bedTemp: 80)" storage="/users/jpapiez/s/printfarmer/src/tests/farm.web.api.tests/bin/debug/net9.0/farm.web.api.tests.dll" id="5b216a93-1c39-f63d-fc1c-5e95ff2c4fb2">
      <Execution id="698bcc91-2856-4bc7-8f21-75aeee5975b4" />
      <TestMethod codeBase="/Users/jpapiez/s/PrintFarmer/src/tests/Farm.Web.Api.Tests/bin/Debug/net9.0/Farm.Web.Api.Tests.dll" adapterTypeName="executor://xunit/VsTestRunner2/netcoreapp" className="Farm.Web.Api.Tests.SlicerServices.SlicerServicesIntegrationTests" name="MaterialSpecificSlicing_ShouldGenerateCorrectSettings" />
    </UnitTest>
    <UnitTest name="Farm.Web.Api.Tests.SlicerServices.SlicerServicesIntegrationTests.MaterialSpecificSlicing_ShouldGenerateCorrectSettings(material: &quot;PLA&quot;, nozzleTemp: 210, bedTemp: 60)" storage="/users/jpapiez/s/printfarmer/src/tests/farm.web.api.tests/bin/debug/net9.0/farm.web.api.tests.dll" id="26eb9f67-a30c-8f7c-0b30-27608be0e2c5">
      <Execution id="7b817d36-bd45-4678-a257-3fbaef107b3a" />
      <TestMethod codeBase="/Users/jpapiez/s/PrintFarmer/src/tests/Farm.Web.Api.Tests/bin/Debug/net9.0/Farm.Web.Api.Tests.dll" adapterTypeName="executor://xunit/VsTestRunner2/netcoreapp" className="Farm.Web.Api.Tests.SlicerServices.SlicerServicesIntegrationTests" name="MaterialSpecificSlicing_ShouldGenerateCorrectSettings" />
    </UnitTest>
    <UnitTest name="Farm.Web.Api.Tests.SlicerServices.SlicerServicesIntegrationTests.HealthMonitoring_SystemHealth_ShouldReportCorrectly" storage="/users/jpapiez/s/printfarmer/src/tests/farm.web.api.tests/bin/debug/net9.0/farm.web.api.tests.dll" id="9327b0ad-6975-c450-706a-ca26f357f88e">
      <Execution id="6483ebe1-ee02-4535-9acf-66dac26c5469" />
      <TestMethod codeBase="/Users/jpapiez/s/PrintFarmer/src/tests/Farm.Web.Api.Tests/bin/Debug/net9.0/Farm.Web.Api.Tests.dll" adapterTypeName="executor://xunit/VsTestRunner2/netcoreapp" className="Farm.Web.Api.Tests.SlicerServices.SlicerServicesIntegrationTests" name="HealthMonitoring_SystemHealth_ShouldReportCorrectly" />
    </UnitTest>
    <UnitTest name="Farm.Web.Api.Tests.SlicerServices.SlicerServicesIntegrationTests.EndToEndSlicingWorkflow_ValidRequest_ShouldCompleteSuccessfully" storage="/users/jpapiez/s/printfarmer/src/tests/farm.web.api.tests/bin/debug/net9.0/farm.web.api.tests.dll" id="bf726642-08e1-8fc3-314d-63db5689f76d">
      <Execution id="0ba5b6f1-9021-42fc-ba15-1048790a6051" />
      <TestMethod codeBase="/Users/jpapiez/s/PrintFarmer/src/tests/Farm.Web.Api.Tests/bin/Debug/net9.0/Farm.Web.Api.Tests.dll" adapterTypeName="executor://xunit/VsTestRunner2/netcoreapp" className="Farm.Web.Api.Tests.SlicerServices.SlicerServicesIntegrationTests" name="EndToEndSlicingWorkflow_ValidRequest_ShouldCompleteSuccessfully" />
    </UnitTest>
    <UnitTest name="Farm.Web.Api.Tests.SlicerServices.SlicerServicesIntegrationTests.ProcessingTimeEstimation_DifferentComplexities_ShouldVaryAppropriately" storage="/users/jpapiez/s/printfarmer/src/tests/farm.web.api.tests/bin/debug/net9.0/farm.web.api.tests.dll" id="346fed74-a50b-96ef-8100-876648946971">
      <Execution id="23031b2b-1128-45b4-8e61-f0d640fd5f2a" />
      <TestMethod codeBase="/Users/jpapiez/s/PrintFarmer/src/tests/Farm.Web.Api.Tests/bin/Debug/net9.0/Farm.Web.Api.Tests.dll" adapterTypeName="executor://xunit/VsTestRunner2/netcoreapp" className="Farm.Web.Api.Tests.SlicerServices.SlicerServicesIntegrationTests" name="ProcessingTimeEstimation_DifferentComplexities_ShouldVaryAppropriately" />
    </UnitTest>
    <UnitTest name="Farm.Web.Api.Tests.SlicerServices.SlicerServicesIntegrationTests.SlicerEngineProcessing_WithProgressReporting_ShouldReportProgress" storage="/users/jpapiez/s/printfarmer/src/tests/farm.web.api.tests/bin/debug/net9.0/farm.web.api.tests.dll" id="1aef2fa2-e92a-fa28-c24b-b494b9f94452">
      <Execution id="c7d03390-a2e5-431b-b48c-0adc9dae66f1" />
      <TestMethod codeBase="/Users/jpapiez/s/PrintFarmer/src/tests/Farm.Web.Api.Tests/bin/Debug/net9.0/Farm.Web.Api.Tests.dll" adapterTypeName="executor://xunit/VsTestRunner2/netcoreapp" className="Farm.Web.Api.Tests.SlicerServices.SlicerServicesIntegrationTests" name="SlicerEngineProcessing_WithProgressReporting_ShouldReportProgress" />
    </UnitTest>
    <UnitTest name="Farm.Web.Api.Tests.SlicerServices.SlicerServicesIntegrationTests.SlicerEngineValidation_ModelValidation_ShouldWorkCorrectly" storage="/users/jpapiez/s/printfarmer/src/tests/farm.web.api.tests/bin/debug/net9.0/farm.web.api.tests.dll" id="5461d49b-d281-e471-e8c9-86c769725405">
      <Execution id="c2bcb74b-3005-4a9f-936b-7e3cd741c3e3" />
      <TestMethod codeBase="/Users/jpapiez/s/PrintFarmer/src/tests/Farm.Web.Api.Tests/bin/Debug/net9.0/Farm.Web.Api.Tests.dll" adapterTypeName="executor://xunit/VsTestRunner2/netcoreapp" className="Farm.Web.Api.Tests.SlicerServices.SlicerServicesIntegrationTests" name="SlicerEngineValidation_ModelValidation_ShouldWorkCorrectly" />
    </UnitTest>
    <UnitTest name="Farm.Web.Api.Tests.SlicerServices.SlicerServicesIntegrationTests.OrchestratorValidation_InvalidRequests_ShouldRejectAppropriately" storage="/users/jpapiez/s/printfarmer/src/tests/farm.web.api.tests/bin/debug/net9.0/farm.web.api.tests.dll" id="53d4672f-9c56-080c-b911-4c3255c697c0">
      <Execution id="1256a235-d959-402c-9f9a-5ea30cf997df" />
      <TestMethod codeBase="/Users/jpapiez/s/PrintFarmer/src/tests/Farm.Web.Api.Tests/bin/Debug/net9.0/Farm.Web.Api.Tests.dll" adapterTypeName="executor://xunit/VsTestRunner2/netcoreapp" className="Farm.Web.Api.Tests.SlicerServices.SlicerServicesIntegrationTests" name="OrchestratorValidation_InvalidRequests_ShouldRejectAppropriately" />
    </UnitTest>
    <UnitTest name="Farm.Web.Api.Tests.SlicerServices.SlicerServicesIntegrationTests.FileStorageIntegration_CompleteWorkflow_ShouldHandleAllFileOperations" storage="/users/jpapiez/s/printfarmer/src/tests/farm.web.api.tests/bin/debug/net9.0/farm.web.api.tests.dll" id="9c71ca87-c93e-473d-6ec9-2340f8d330fd">
      <Execution id="d41b69d4-9516-4cae-8f86-f6d992240349" />
      <TestMethod codeBase="/Users/jpapiez/s/PrintFarmer/src/tests/Farm.Web.Api.Tests/bin/Debug/net9.0/Farm.Web.Api.Tests.dll" adapterTypeName="executor://xunit/VsTestRunner2/netcoreapp" className="Farm.Web.Api.Tests.SlicerServices.SlicerServicesIntegrationTests" name="FileStorageIntegration_CompleteWorkflow_ShouldHandleAllFileOperations" />
    </UnitTest>
  </TestDefinitions>
  <TestEntries>
    <TestEntry testId="9c71ca87-c93e-473d-6ec9-2340f8d330fd" executionId="d41b69d4-9516-4cae-8f86-f6d992240349" testListId="8c84fa94-04c1-424b-9868-57a2d4851a1d" />
    <TestEntry testId="9327b0ad-6975-c450-706a-ca26f357f88e" executionId="6483ebe1-ee02-4535-9acf-66dac26c5469" testListId="8c84fa94-04c1-424b-9868-57a2d4851a1d" />
    <TestEntry testId="4e4b8624-ab00-e884-e517-43e10b9520b2" executionId="28e1b838-7f9a-4b99-b174-6f69cb3cc56d" testListId="8c84fa94-04c1-424b-9868-57a2d4851a1d" />
    <TestEntry testId="5461d49b-d281-e471-e8c9-86c769725405" executionId="c2bcb74b-3005-4a9f-936b-7e3cd741c3e3" testListId="8c84fa94-04c1-424b-9868-57a2d4851a1d" />
    <TestEntry testId="1aef2fa2-e92a-fa28-c24b-b494b9f94452" executionId="c7d03390-a2e5-431b-b48c-0adc9dae66f1" testListId="8c84fa94-04c1-424b-9868-57a2d4851a1d" />
    <TestEntry testId="5b216a93-1c39-f63d-fc1c-5e95ff2c4fb2" executionId="698bcc91-2856-4bc7-8f21-75aeee5975b4" testListId="8c84fa94-04c1-424b-9868-57a2d4851a1d" />
    <TestEntry testId="bf726642-08e1-8fc3-314d-63db5689f76d" executionId="0ba5b6f1-9021-42fc-ba15-1048790a6051" testListId="8c84fa94-04c1-424b-9868-57a2d4851a1d" />
    <TestEntry testId="26eb9f67-a30c-8f7c-0b30-27608be0e2c5" executionId="7b817d36-bd45-4678-a257-3fbaef107b3a" testListId="8c84fa94-04c1-424b-9868-57a2d4851a1d" />
    <TestEntry testId="346fed74-a50b-96ef-8100-876648946971" executionId="23031b2b-1128-45b4-8e61-f0d640fd5f2a" testListId="8c84fa94-04c1-424b-9868-57a2d4851a1d" />
    <TestEntry testId="53d4672f-9c56-080c-b911-4c3255c697c0" executionId="1256a235-d959-402c-9f9a-5ea30cf997df" testListId="8c84fa94-04c1-424b-9868-57a2d4851a1d" />
  </TestEntries>
  <TestLists>
    <TestList name="Results Not in a List" id="8c84fa94-04c1-424b-9868-57a2d4851a1d" />
    <TestList name="All Loaded Results" id="19431567-8539-422a-85d7-44ee4e166bda" />
  </TestLists>
  <ResultSummary outcome="Completed">
    <Counters total="10" executed="10" passed="10" failed="0" error="0" timeout="0" aborted="0" inconclusive="0" passedButRunAborted="0" notRunnable="0" notExecuted="0" disconnected="0" warning="0" completed="0" inProgress="0" pending="0" />
    <Output>
      <StdOut>[xUnit.net 00:00:00.00] xUnit.net VSTest Adapter v2.8.2+699d445a1a (64-bit .NET 9.0.8)
[xUnit.net 00:00:00.05]   Discovering: Farm.Web.Api.Tests
[xUnit.net 00:00:00.10]   Discovered:  Farm.Web.Api.Tests
[xUnit.net 00:00:00.11]   Starting:    Farm.Web.Api.Tests
dbug: Farm.Web.Api.Services.SlicerServices.LocalSlicerFileStorage[0]
      Uploaded file integration-test/model.stl to /var/folders/1y/98qd39cj0m3gfpzp50lp8q040000gn/T/slicer-integration-tests/87b77cb9-88ea-43e5-bf0d-a0873070ae05/integration-test/model.stl
dbug: Farm.Web.Api.Services.SlicerServices.LocalSlicerFileStorage[0]
      Downloaded file bytes integration-test/model.stl from /var/folders/1y/98qd39cj0m3gfpzp50lp8q040000gn/T/slicer-integration-tests/87b77cb9-88ea-43e5-bf0d-a0873070ae05/integration-test/model.stl
dbug: Farm.Web.Api.Services.SlicerServices.LocalSlicerFileStorage[0]
      Uploaded file integration-test/result.gcode to /var/folders/1y/98qd39cj0m3gfpzp50lp8q040000gn/T/slicer-integration-tests/87b77cb9-88ea-43e5-bf0d-a0873070ae05/integration-test/result.gcode
dbug: Farm.Web.Api.Services.SlicerServices.LocalSlicerFileStorage[0]
      Deleted file integration-test/model.stl from /var/folders/1y/98qd39cj0m3gfpzp50lp8q040000gn/T/slicer-integration-tests/87b77cb9-88ea-43e5-bf0d-a0873070ae05/integration-test/model.stl
dbug: Farm.Web.Api.Services.SlicerServices.LocalSlicerFileStorage[0]
      Deleted file integration-test/result.gcode from /var/folders/1y/98qd39cj0m3gfpzp50lp8q040000gn/T/slicer-integration-tests/87b77cb9-88ea-43e5-bf0d-a0873070ae05/integration-test/result.gcode
dbug: Farm.Web.Api.Services.SlicerServices.LocalSlicerFileStorage[0]
      Uploaded file test-models/cube.stl to /var/folders/1y/98qd39cj0m3gfpzp50lp8q040000gn/T/slicer-integration-tests/95ec7bd7-1357-42af-a95b-72d20798b40c/test-models/cube.stl
info: Farm.Web.Api.Services.SlicerServices.SlicerOrchestrator[0]
      Submitted new slicing job 57a2dc82-8add-4854-a065-3b6e0ac17f97 (correlation ab0ff7ee-c570-49f0-9721-6b443cfb242e) for user dbffc381-5109-4997-8370-2990021da85c with engine OrcaSlicer
dbug: Farm.Web.Api.Services.SlicerServices.LocalSlicerFileStorage[0]
      Downloaded file bytes file:///var/folders/1y/98qd39cj0m3gfpzp50lp8q040000gn/T/slicer-integration-tests/95ec7bd7-1357-42af-a95b-72d20798b40c/test-models/cube.stl from /var/folders/1y/98qd39cj0m3gfpzp50lp8q040000gn/T/slicer-integration-tests/95ec7bd7-1357-42af-a95b-72d20798b40c/test-models/cube.stl
fail: Farm.Web.Api.Services.SlicerServices.SlicerOrchestrator[0]
      Failed to submit slicing job for user 00000000-0000-0000-0000-000000000000
      System.ArgumentException: UserId is required (Parameter 'request')
         at Farm.Web.Api.Services.SlicerServices.SlicerOrchestrator.ValidateRequestAsync(SlicingJobRequest request, CancellationToken cancellationToken) in /Users/jpapiez/s/PrintFarmer/src/api/Services/SlicerServices/SlicerOrchestrator.cs:line 344
         at Farm.Web.Api.Services.SlicerServices.SlicerOrchestrator.SubmitJobAsync(SlicingJobRequest request, CancellationToken cancellationToken) in /Users/jpapiez/s/PrintFarmer/src/api/Services/SlicerServices/SlicerOrchestrator.cs:line 37
fail: Farm.Web.Api.Services.SlicerServices.SlicerOrchestrator[0]
      Failed to submit slicing job for user 2f760aed-0bf9-48c0-93f8-694d93627bdc
      System.ArgumentException: PrinterId is required (Parameter 'request')
         at Farm.Web.Api.Services.SlicerServices.SlicerOrchestrator.ValidateRequestAsync(SlicingJobRequest request, CancellationToken cancellationToken) in /Users/jpapiez/s/PrintFarmer/src/api/Services/SlicerServices/SlicerOrchestrator.cs:line 348
         at Farm.Web.Api.Services.SlicerServices.SlicerOrchestrator.SubmitJobAsync(SlicingJobRequest request, CancellationToken cancellationToken) in /Users/jpapiez/s/PrintFarmer/src/api/Services/SlicerServices/SlicerOrchestrator.cs:line 37
fail: Farm.Web.Api.Services.SlicerServices.SlicerOrchestrator[0]
      Failed to submit slicing job for user 764b6338-5418-4571-9a58-b79eb779eaf7
      System.ArgumentException: ModelFileUrl is required (Parameter 'request')
         at Farm.Web.Api.Services.SlicerServices.SlicerOrchestrator.ValidateRequestAsync(SlicingJobRequest request, CancellationToken cancellationToken) in /Users/jpapiez/s/PrintFarmer/src/api/Services/SlicerServices/SlicerOrchestrator.cs:line 352
         at Farm.Web.Api.Services.SlicerServices.SlicerOrchestrator.SubmitJobAsync(SlicingJobRequest request, CancellationToken cancellationToken) in /Users/jpapiez/s/PrintFarmer/src/api/Services/SlicerServices/SlicerOrchestrator.cs:line 37
[xUnit.net 00:00:11.38]   Finished:    Farm.Web.Api.Tests
</StdOut>
    </Output>
  </ResultSummary>
</TestRun>